[2025-03-06T07:52:47.114+0000] {local_task_job_runner.py:123} INFO - ::group::Pre task execution logs
[2025-03-06T07:52:47.191+0000] {taskinstance.py:2613} INFO - Dependencies all met for dep_context=non-requeueable deps ti=<TaskInstance: example_complex.lookup_entry manual__2025-03-06T07:52:25.042308+00:00 [queued]>
[2025-03-06T07:52:47.275+0000] {taskinstance.py:2613} INFO - Dependencies all met for dep_context=requeueable deps ti=<TaskInstance: example_complex.lookup_entry manual__2025-03-06T07:52:25.042308+00:00 [queued]>
[2025-03-06T07:52:47.281+0000] {taskinstance.py:2866} INFO - Starting attempt 1 of 1
[2025-03-06T07:52:47.396+0000] {taskinstance.py:2889} INFO - Executing <Task(BashOperator): lookup_entry> on 2025-03-06 07:52:25.042308+00:00
[2025-03-06T07:52:47.443+0000] {logging_mixin.py:190} WARNING - /home/***/.local/lib/python3.12/site-packages/***/task/task_runner/standard_task_runner.py:70 DeprecationWarning: This process (pid=26059) is multi-threaded, use of fork() may lead to deadlocks in the child.
[2025-03-06T07:52:47.472+0000] {standard_task_runner.py:72} INFO - Started process 26107 to run task
[2025-03-06T07:52:47.489+0000] {standard_task_runner.py:104} INFO - Running: ['***', 'tasks', 'run', 'example_complex', 'lookup_entry', 'manual__2025-03-06T07:52:25.042308+00:00', '--job-id', '46', '--raw', '--subdir', '/home/***/.local/lib/python3.12/site-packages/***/example_dags/example_complex.py', '--cfg-path', '/tmp/tmpyknz4hqd']
[2025-03-06T07:52:47.533+0000] {standard_task_runner.py:105} INFO - Job 46: Subtask lookup_entry
[2025-03-06T07:52:47.855+0000] {task_command.py:467} INFO - Running <TaskInstance: example_complex.lookup_entry manual__2025-03-06T07:52:25.042308+00:00 [running]> on host 18303226ae83
[2025-03-06T07:52:48.541+0000] {taskinstance.py:3132} INFO - Exporting env vars: AIRFLOW_CTX_DAG_OWNER='***' AIRFLOW_CTX_DAG_ID='example_complex' AIRFLOW_CTX_TASK_ID='lookup_entry' AIRFLOW_CTX_EXECUTION_DATE='2025-03-06T07:52:25.042308+00:00' AIRFLOW_CTX_TRY_NUMBER='1' AIRFLOW_CTX_DAG_RUN_ID='manual__2025-03-06T07:52:25.042308+00:00'
[2025-03-06T07:52:48.546+0000] {logging_mixin.py:190} INFO - Task instance is in running state
[2025-03-06T07:52:48.557+0000] {logging_mixin.py:190} INFO -  Previous state of the Task instance: queued
[2025-03-06T07:52:48.560+0000] {logging_mixin.py:190} INFO - Current task name:lookup_entry state:running start_date:2025-03-06 07:52:47.200503+00:00
[2025-03-06T07:52:48.561+0000] {logging_mixin.py:190} INFO - Dag name:example_complex and current dag run status:running
[2025-03-06T07:52:48.574+0000] {taskinstance.py:731} INFO - ::endgroup::
[2025-03-06T07:52:48.578+0000] {subprocess.py:78} INFO - Tmp dir root location: /tmp
[2025-03-06T07:52:48.588+0000] {subprocess.py:88} INFO - Running command: ['/usr/bin/bash', '-c', 'echo lookup_entry']
[2025-03-06T07:52:48.724+0000] {subprocess.py:99} INFO - Output:
[2025-03-06T07:52:48.739+0000] {subprocess.py:106} INFO - lookup_entry
[2025-03-06T07:52:48.740+0000] {subprocess.py:110} INFO - Command exited with return code 0
[2025-03-06T07:52:48.800+0000] {taskinstance.py:340} INFO - ::group::Post task execution logs
[2025-03-06T07:52:48.806+0000] {taskinstance.py:352} INFO - Marking task as SUCCESS. dag_id=example_complex, task_id=lookup_entry, run_id=manual__2025-03-06T07:52:25.042308+00:00, execution_date=20250306T075225, start_date=20250306T075247, end_date=20250306T075248
[2025-03-06T07:52:48.876+0000] {logging_mixin.py:190} INFO - Task instance in success state
[2025-03-06T07:52:48.877+0000] {logging_mixin.py:190} INFO -  Previous state of the Task instance: running
[2025-03-06T07:52:48.877+0000] {logging_mixin.py:190} INFO - Dag name:example_complex queued_at:2025-03-06 07:52:25.053900+00:00
[2025-03-06T07:52:48.878+0000] {logging_mixin.py:190} INFO - Task hostname:18303226ae83 operator:BashOperator
[2025-03-06T07:52:48.989+0000] {local_task_job_runner.py:266} INFO - Task exited with return code 0
[2025-03-06T07:52:49.122+0000] {taskinstance.py:3895} INFO - 1 downstream tasks scheduled from follow-on schedule check
[2025-03-06T07:52:49.137+0000] {local_task_job_runner.py:245} INFO - ::endgroup::
