[2025-03-06T07:53:31.647+0000] {local_task_job_runner.py:123} INFO - ::group::Pre task execution logs
[2025-03-06T07:53:31.768+0000] {taskinstance.py:2613} INFO - Dependencies all met for dep_context=non-requeueable deps ti=<TaskInstance: example_complex.delete_tag manual__2025-03-06T07:52:25.042308+00:00 [queued]>
[2025-03-06T07:53:31.823+0000] {taskinstance.py:2613} INFO - Dependencies all met for dep_context=requeueable deps ti=<TaskInstance: example_complex.delete_tag manual__2025-03-06T07:52:25.042308+00:00 [queued]>
[2025-03-06T07:53:31.824+0000] {taskinstance.py:2866} INFO - Starting attempt 1 of 1
[2025-03-06T07:53:31.906+0000] {taskinstance.py:2889} INFO - Executing <Task(BashOperator): delete_tag> on 2025-03-06 07:52:25.042308+00:00
[2025-03-06T07:53:31.955+0000] {logging_mixin.py:190} WARNING - /home/***/.local/lib/python3.12/site-packages/***/task/task_runner/standard_task_runner.py:70 DeprecationWarning: This process (pid=26524) is multi-threaded, use of fork() may lead to deadlocks in the child.
[2025-03-06T07:53:31.977+0000] {standard_task_runner.py:72} INFO - Started process 26574 to run task
[2025-03-06T07:53:31.953+0000] {standard_task_runner.py:104} INFO - Running: ['***', 'tasks', 'run', 'example_complex', 'delete_tag', 'manual__2025-03-06T07:52:25.042308+00:00', '--job-id', '78', '--raw', '--subdir', '/home/***/.local/lib/python3.12/site-packages/***/example_dags/example_complex.py', '--cfg-path', '/tmp/tmp4a6amzwr']
[2025-03-06T07:53:31.979+0000] {standard_task_runner.py:105} INFO - Job 78: Subtask delete_tag
[2025-03-06T07:53:32.286+0000] {task_command.py:467} INFO - Running <TaskInstance: example_complex.delete_tag manual__2025-03-06T07:52:25.042308+00:00 [running]> on host 18303226ae83
[2025-03-06T07:53:32.821+0000] {taskinstance.py:3132} INFO - Exporting env vars: AIRFLOW_CTX_DAG_OWNER='***' AIRFLOW_CTX_DAG_ID='example_complex' AIRFLOW_CTX_TASK_ID='delete_tag' AIRFLOW_CTX_EXECUTION_DATE='2025-03-06T07:52:25.042308+00:00' AIRFLOW_CTX_TRY_NUMBER='1' AIRFLOW_CTX_DAG_RUN_ID='manual__2025-03-06T07:52:25.042308+00:00'
[2025-03-06T07:53:32.824+0000] {logging_mixin.py:190} INFO - Task instance is in running state
[2025-03-06T07:53:32.833+0000] {logging_mixin.py:190} INFO -  Previous state of the Task instance: queued
[2025-03-06T07:53:32.834+0000] {logging_mixin.py:190} INFO - Current task name:delete_tag state:running start_date:2025-03-06 07:53:31.770712+00:00
[2025-03-06T07:53:32.834+0000] {logging_mixin.py:190} INFO - Dag name:example_complex and current dag run status:running
[2025-03-06T07:53:32.835+0000] {taskinstance.py:731} INFO - ::endgroup::
[2025-03-06T07:53:32.835+0000] {subprocess.py:78} INFO - Tmp dir root location: /tmp
[2025-03-06T07:53:32.842+0000] {subprocess.py:88} INFO - Running command: ['/usr/bin/bash', '-c', 'echo delete_tag']
[2025-03-06T07:53:32.928+0000] {subprocess.py:99} INFO - Output:
[2025-03-06T07:53:32.930+0000] {subprocess.py:106} INFO - delete_tag
[2025-03-06T07:53:32.935+0000] {subprocess.py:110} INFO - Command exited with return code 0
[2025-03-06T07:53:32.993+0000] {taskinstance.py:340} INFO - ::group::Post task execution logs
[2025-03-06T07:53:32.998+0000] {taskinstance.py:352} INFO - Marking task as SUCCESS. dag_id=example_complex, task_id=delete_tag, run_id=manual__2025-03-06T07:52:25.042308+00:00, execution_date=20250306T075225, start_date=20250306T075331, end_date=20250306T075332
[2025-03-06T07:53:33.034+0000] {logging_mixin.py:190} INFO - Task instance in success state
[2025-03-06T07:53:33.037+0000] {logging_mixin.py:190} INFO -  Previous state of the Task instance: running
[2025-03-06T07:53:33.037+0000] {logging_mixin.py:190} INFO - Dag name:example_complex queued_at:2025-03-06 07:52:25.053900+00:00
[2025-03-06T07:53:33.037+0000] {logging_mixin.py:190} INFO - Task hostname:18303226ae83 operator:BashOperator
[2025-03-06T07:53:33.112+0000] {local_task_job_runner.py:266} INFO - Task exited with return code 0
[2025-03-06T07:53:33.129+0000] {local_task_job_runner.py:245} INFO - ::endgroup::
