[2025-03-06T07:52:12.968+0000] {local_task_job_runner.py:123} INFO - ::group::Pre task execution logs
[2025-03-06T07:52:13.121+0000] {taskinstance.py:2613} INFO - Dependencies all met for dep_context=non-requeueable deps ti=<TaskInstance: example_complex.get_entry_result manual__2025-03-06T07:51:49.585497+00:00 [queued]>
[2025-03-06T07:52:13.198+0000] {taskinstance.py:2613} INFO - Dependencies all met for dep_context=requeueable deps ti=<TaskInstance: example_complex.get_entry_result manual__2025-03-06T07:51:49.585497+00:00 [queued]>
[2025-03-06T07:52:13.200+0000] {taskinstance.py:2866} INFO - Starting attempt 1 of 1
[2025-03-06T07:52:13.312+0000] {taskinstance.py:2889} INFO - Executing <Task(BashOperator): get_entry_result> on 2025-03-06 07:51:49.585497+00:00
[2025-03-06T07:52:13.399+0000] {standard_task_runner.py:104} INFO - Running: ['***', 'tasks', 'run', 'example_complex', 'get_entry_result', 'manual__2025-03-06T07:51:49.585497+00:00', '--job-id', '19', '--raw', '--subdir', '/home/***/.local/lib/python3.12/site-packages/***/example_dags/example_complex.py', '--cfg-path', '/tmp/tmp44tsci1p']
[2025-03-06T07:52:13.409+0000] {standard_task_runner.py:105} INFO - Job 19: Subtask get_entry_result
[2025-03-06T07:52:13.438+0000] {logging_mixin.py:190} WARNING - /home/***/.local/lib/python3.12/site-packages/***/task/task_runner/standard_task_runner.py:70 DeprecationWarning: This process (pid=25630) is multi-threaded, use of fork() may lead to deadlocks in the child.
[2025-03-06T07:52:13.457+0000] {standard_task_runner.py:72} INFO - Started process 25700 to run task
[2025-03-06T07:52:13.659+0000] {task_command.py:467} INFO - Running <TaskInstance: example_complex.get_entry_result manual__2025-03-06T07:51:49.585497+00:00 [running]> on host 18303226ae83
[2025-03-06T07:52:14.221+0000] {taskinstance.py:3132} INFO - Exporting env vars: AIRFLOW_CTX_DAG_OWNER='***' AIRFLOW_CTX_DAG_ID='example_complex' AIRFLOW_CTX_TASK_ID='get_entry_result' AIRFLOW_CTX_EXECUTION_DATE='2025-03-06T07:51:49.585497+00:00' AIRFLOW_CTX_TRY_NUMBER='1' AIRFLOW_CTX_DAG_RUN_ID='manual__2025-03-06T07:51:49.585497+00:00'
[2025-03-06T07:52:14.222+0000] {logging_mixin.py:190} INFO - Task instance is in running state
[2025-03-06T07:52:14.229+0000] {logging_mixin.py:190} INFO -  Previous state of the Task instance: queued
[2025-03-06T07:52:14.233+0000] {logging_mixin.py:190} INFO - Current task name:get_entry_result state:running start_date:2025-03-06 07:52:13.134878+00:00
[2025-03-06T07:52:14.233+0000] {logging_mixin.py:190} INFO - Dag name:example_complex and current dag run status:running
[2025-03-06T07:52:14.237+0000] {taskinstance.py:731} INFO - ::endgroup::
[2025-03-06T07:52:14.239+0000] {subprocess.py:78} INFO - Tmp dir root location: /tmp
[2025-03-06T07:52:14.262+0000] {subprocess.py:88} INFO - Running command: ['/usr/bin/bash', '-c', 'echo get_entry_result']
[2025-03-06T07:52:14.362+0000] {subprocess.py:99} INFO - Output:
[2025-03-06T07:52:14.365+0000] {subprocess.py:106} INFO - get_entry_result
[2025-03-06T07:52:14.368+0000] {subprocess.py:110} INFO - Command exited with return code 0
[2025-03-06T07:52:14.425+0000] {taskinstance.py:340} INFO - ::group::Post task execution logs
[2025-03-06T07:52:14.426+0000] {taskinstance.py:352} INFO - Marking task as SUCCESS. dag_id=example_complex, task_id=get_entry_result, run_id=manual__2025-03-06T07:51:49.585497+00:00, execution_date=20250306T075149, start_date=20250306T075213, end_date=20250306T075214
[2025-03-06T07:52:14.450+0000] {logging_mixin.py:190} INFO - Task instance in success state
[2025-03-06T07:52:14.450+0000] {logging_mixin.py:190} INFO -  Previous state of the Task instance: running
[2025-03-06T07:52:14.451+0000] {logging_mixin.py:190} INFO - Dag name:example_complex queued_at:2025-03-06 07:51:49.608785+00:00
[2025-03-06T07:52:14.451+0000] {logging_mixin.py:190} INFO - Task hostname:18303226ae83 operator:BashOperator
[2025-03-06T07:52:14.644+0000] {local_task_job_runner.py:266} INFO - Task exited with return code 0
[2025-03-06T07:52:14.725+0000] {local_task_job_runner.py:245} INFO - ::endgroup::
