[2025-03-06T07:52:27.498+0000] {local_task_job_runner.py:123} INFO - ::group::Pre task execution logs
[2025-03-06T07:52:27.568+0000] {taskinstance.py:2613} INFO - Dependencies all met for dep_context=non-requeueable deps ti=<TaskInstance: example_complex.rename_tag_template_field manual__2025-03-06T07:51:49.585497+00:00 [queued]>
[2025-03-06T07:52:27.664+0000] {taskinstance.py:2613} INFO - Dependencies all met for dep_context=requeueable deps ti=<TaskInstance: example_complex.rename_tag_template_field manual__2025-03-06T07:51:49.585497+00:00 [queued]>
[2025-03-06T07:52:27.668+0000] {taskinstance.py:2866} INFO - Starting attempt 1 of 1
[2025-03-06T07:52:27.737+0000] {taskinstance.py:2889} INFO - Executing <Task(BashOperator): rename_tag_template_field> on 2025-03-06 07:51:49.585497+00:00
[2025-03-06T07:52:27.798+0000] {standard_task_runner.py:104} INFO - Running: ['***', 'tasks', 'run', 'example_complex', 'rename_tag_template_field', 'manual__2025-03-06T07:51:49.585497+00:00', '--job-id', '30', '--raw', '--subdir', '/home/***/.local/lib/python3.12/site-packages/***/example_dags/example_complex.py', '--cfg-path', '/tmp/tmpxtbze15k']
[2025-03-06T07:52:27.805+0000] {standard_task_runner.py:105} INFO - Job 30: Subtask rename_tag_template_field
[2025-03-06T07:52:27.831+0000] {logging_mixin.py:190} WARNING - /home/***/.local/lib/python3.12/site-packages/***/task/task_runner/standard_task_runner.py:70 DeprecationWarning: This process (pid=25807) is multi-threaded, use of fork() may lead to deadlocks in the child.
[2025-03-06T07:52:27.832+0000] {standard_task_runner.py:72} INFO - Started process 25837 to run task
[2025-03-06T07:52:27.906+0000] {task_command.py:467} INFO - Running <TaskInstance: example_complex.rename_tag_template_field manual__2025-03-06T07:51:49.585497+00:00 [running]> on host 18303226ae83
[2025-03-06T07:52:28.568+0000] {taskinstance.py:3132} INFO - Exporting env vars: AIRFLOW_CTX_DAG_OWNER='***' AIRFLOW_CTX_DAG_ID='example_complex' AIRFLOW_CTX_TASK_ID='rename_tag_template_field' AIRFLOW_CTX_EXECUTION_DATE='2025-03-06T07:51:49.585497+00:00' AIRFLOW_CTX_TRY_NUMBER='1' AIRFLOW_CTX_DAG_RUN_ID='manual__2025-03-06T07:51:49.585497+00:00'
[2025-03-06T07:52:28.569+0000] {logging_mixin.py:190} INFO - Task instance is in running state
[2025-03-06T07:52:28.569+0000] {logging_mixin.py:190} INFO -  Previous state of the Task instance: queued
[2025-03-06T07:52:28.570+0000] {logging_mixin.py:190} INFO - Current task name:rename_tag_template_field state:running start_date:2025-03-06 07:52:27.581818+00:00
[2025-03-06T07:52:28.570+0000] {logging_mixin.py:190} INFO - Dag name:example_complex and current dag run status:running
[2025-03-06T07:52:28.570+0000] {taskinstance.py:731} INFO - ::endgroup::
[2025-03-06T07:52:28.571+0000] {subprocess.py:78} INFO - Tmp dir root location: /tmp
[2025-03-06T07:52:28.571+0000] {subprocess.py:88} INFO - Running command: ['/usr/bin/bash', '-c', 'echo rename_tag_template_field']
[2025-03-06T07:52:28.928+0000] {subprocess.py:99} INFO - Output:
[2025-03-06T07:52:28.945+0000] {subprocess.py:106} INFO - rename_tag_template_field
[2025-03-06T07:52:29.000+0000] {subprocess.py:110} INFO - Command exited with return code 0
[2025-03-06T07:52:29.078+0000] {taskinstance.py:340} INFO - ::group::Post task execution logs
[2025-03-06T07:52:29.079+0000] {taskinstance.py:352} INFO - Marking task as SUCCESS. dag_id=example_complex, task_id=rename_tag_template_field, run_id=manual__2025-03-06T07:51:49.585497+00:00, execution_date=20250306T075149, start_date=20250306T075227, end_date=20250306T075229
[2025-03-06T07:52:29.246+0000] {logging_mixin.py:190} INFO - Task instance in success state
[2025-03-06T07:52:29.246+0000] {logging_mixin.py:190} INFO -  Previous state of the Task instance: running
[2025-03-06T07:52:29.247+0000] {logging_mixin.py:190} INFO - Dag name:example_complex queued_at:2025-03-06 07:51:49.608785+00:00
[2025-03-06T07:52:29.247+0000] {logging_mixin.py:190} INFO - Task hostname:18303226ae83 operator:BashOperator
[2025-03-06T07:52:29.356+0000] {local_task_job_runner.py:266} INFO - Task exited with return code 0
[2025-03-06T07:52:29.486+0000] {taskinstance.py:3895} INFO - 0 downstream tasks scheduled from follow-on schedule check
[2025-03-06T07:52:29.494+0000] {local_task_job_runner.py:245} INFO - ::endgroup::
