[2025-03-06T07:52:02.504+0000] {local_task_job_runner.py:123} INFO - ::group::Pre task execution logs
[2025-03-06T07:52:02.563+0000] {taskinstance.py:2613} INFO - Dependencies all met for dep_context=non-requeueable deps ti=<TaskInstance: example_complex.create_entry_gcs_result2 manual__2025-03-06T07:51:49.585497+00:00 [queued]>
[2025-03-06T07:52:02.625+0000] {taskinstance.py:2613} INFO - Dependencies all met for dep_context=requeueable deps ti=<TaskInstance: example_complex.create_entry_gcs_result2 manual__2025-03-06T07:51:49.585497+00:00 [queued]>
[2025-03-06T07:52:02.626+0000] {taskinstance.py:2866} INFO - Starting attempt 1 of 1
[2025-03-06T07:52:02.708+0000] {taskinstance.py:2889} INFO - Executing <Task(BashOperator): create_entry_gcs_result2> on 2025-03-06 07:51:49.585497+00:00
[2025-03-06T07:52:02.843+0000] {standard_task_runner.py:104} INFO - Running: ['***', 'tasks', 'run', 'example_complex', 'create_entry_gcs_result2', 'manual__2025-03-06T07:51:49.585497+00:00', '--job-id', '7', '--raw', '--subdir', '/home/***/.local/lib/python3.12/site-packages/***/example_dags/example_complex.py', '--cfg-path', '/tmp/tmp2phbjrg5']
[2025-03-06T07:52:02.871+0000] {standard_task_runner.py:105} INFO - Job 7: Subtask create_entry_gcs_result2
[2025-03-06T07:52:02.888+0000] {logging_mixin.py:190} WARNING - /home/***/.local/lib/python3.12/site-packages/***/task/task_runner/standard_task_runner.py:70 DeprecationWarning: This process (pid=25474) is multi-threaded, use of fork() may lead to deadlocks in the child.
[2025-03-06T07:52:02.911+0000] {standard_task_runner.py:72} INFO - Started process 25572 to run task
[2025-03-06T07:52:03.134+0000] {task_command.py:467} INFO - Running <TaskInstance: example_complex.create_entry_gcs_result2 manual__2025-03-06T07:51:49.585497+00:00 [running]> on host 18303226ae83
[2025-03-06T07:52:03.678+0000] {taskinstance.py:3132} INFO - Exporting env vars: AIRFLOW_CTX_DAG_OWNER='***' AIRFLOW_CTX_DAG_ID='example_complex' AIRFLOW_CTX_TASK_ID='create_entry_gcs_result2' AIRFLOW_CTX_EXECUTION_DATE='2025-03-06T07:51:49.585497+00:00' AIRFLOW_CTX_TRY_NUMBER='1' AIRFLOW_CTX_DAG_RUN_ID='manual__2025-03-06T07:51:49.585497+00:00'
[2025-03-06T07:52:03.684+0000] {logging_mixin.py:190} INFO - Task instance is in running state
[2025-03-06T07:52:03.692+0000] {logging_mixin.py:190} INFO -  Previous state of the Task instance: queued
[2025-03-06T07:52:03.692+0000] {logging_mixin.py:190} INFO - Current task name:create_entry_gcs_result2 state:running start_date:2025-03-06 07:52:02.573784+00:00
[2025-03-06T07:52:03.693+0000] {logging_mixin.py:190} INFO - Dag name:example_complex and current dag run status:running
[2025-03-06T07:52:03.700+0000] {taskinstance.py:731} INFO - ::endgroup::
[2025-03-06T07:52:03.704+0000] {subprocess.py:78} INFO - Tmp dir root location: /tmp
[2025-03-06T07:52:03.710+0000] {subprocess.py:88} INFO - Running command: ['/usr/bin/bash', '-c', 'echo create_entry_gcs_result2']
[2025-03-06T07:52:03.998+0000] {subprocess.py:99} INFO - Output:
[2025-03-06T07:52:04.020+0000] {subprocess.py:106} INFO - create_entry_gcs_result2
[2025-03-06T07:52:04.037+0000] {subprocess.py:110} INFO - Command exited with return code 0
[2025-03-06T07:52:04.224+0000] {taskinstance.py:340} INFO - ::group::Post task execution logs
[2025-03-06T07:52:04.241+0000] {taskinstance.py:352} INFO - Marking task as SUCCESS. dag_id=example_complex, task_id=create_entry_gcs_result2, run_id=manual__2025-03-06T07:51:49.585497+00:00, execution_date=20250306T075149, start_date=20250306T075202, end_date=20250306T075204
[2025-03-06T07:52:04.319+0000] {logging_mixin.py:190} INFO - Task instance in success state
[2025-03-06T07:52:04.334+0000] {logging_mixin.py:190} INFO -  Previous state of the Task instance: running
[2025-03-06T07:52:04.348+0000] {logging_mixin.py:190} INFO - Dag name:example_complex queued_at:2025-03-06 07:51:49.608785+00:00
[2025-03-06T07:52:04.352+0000] {logging_mixin.py:190} INFO - Task hostname:18303226ae83 operator:BashOperator
[2025-03-06T07:52:04.488+0000] {local_task_job_runner.py:266} INFO - Task exited with return code 0
[2025-03-06T07:52:04.648+0000] {taskinstance.py:3895} INFO - 0 downstream tasks scheduled from follow-on schedule check
[2025-03-06T07:52:04.681+0000] {local_task_job_runner.py:245} INFO - ::endgroup::
