[2025-03-06T07:52:27.144+0000] {local_task_job_runner.py:123} INFO - ::group::Pre task execution logs
[2025-03-06T07:52:27.274+0000] {taskinstance.py:2613} INFO - Dependencies all met for dep_context=non-requeueable deps ti=<TaskInstance: example_complex.search_catalog manual__2025-03-06T07:51:49.585497+00:00 [queued]>
[2025-03-06T07:52:27.327+0000] {taskinstance.py:2613} INFO - Dependencies all met for dep_context=requeueable deps ti=<TaskInstance: example_complex.search_catalog manual__2025-03-06T07:51:49.585497+00:00 [queued]>
[2025-03-06T07:52:27.327+0000] {taskinstance.py:2866} INFO - Starting attempt 1 of 1
[2025-03-06T07:52:27.419+0000] {taskinstance.py:2889} INFO - Executing <Task(BashOperator): search_catalog> on 2025-03-06 07:51:49.585497+00:00
[2025-03-06T07:52:27.490+0000] {standard_task_runner.py:104} INFO - Running: ['***', 'tasks', 'run', 'example_complex', 'search_catalog', 'manual__2025-03-06T07:51:49.585497+00:00', '--job-id', '28', '--raw', '--subdir', '/home/***/.local/lib/python3.12/site-packages/***/example_dags/example_complex.py', '--cfg-path', '/tmp/tmpfcial8gx']
[2025-03-06T07:52:27.492+0000] {standard_task_runner.py:105} INFO - Job 28: Subtask search_catalog
[2025-03-06T07:52:27.500+0000] {logging_mixin.py:190} WARNING - /home/***/.local/lib/python3.12/site-packages/***/task/task_runner/standard_task_runner.py:70 DeprecationWarning: This process (pid=25804) is multi-threaded, use of fork() may lead to deadlocks in the child.
[2025-03-06T07:52:27.507+0000] {standard_task_runner.py:72} INFO - Started process 25829 to run task
[2025-03-06T07:52:27.683+0000] {task_command.py:467} INFO - Running <TaskInstance: example_complex.search_catalog manual__2025-03-06T07:51:49.585497+00:00 [running]> on host 18303226ae83
[2025-03-06T07:52:28.125+0000] {taskinstance.py:3132} INFO - Exporting env vars: AIRFLOW_CTX_DAG_OWNER='***' AIRFLOW_CTX_DAG_ID='example_complex' AIRFLOW_CTX_TASK_ID='search_catalog' AIRFLOW_CTX_EXECUTION_DATE='2025-03-06T07:51:49.585497+00:00' AIRFLOW_CTX_TRY_NUMBER='1' AIRFLOW_CTX_DAG_RUN_ID='manual__2025-03-06T07:51:49.585497+00:00'
[2025-03-06T07:52:28.131+0000] {logging_mixin.py:190} INFO - Task instance is in running state
[2025-03-06T07:52:28.131+0000] {logging_mixin.py:190} INFO -  Previous state of the Task instance: queued
[2025-03-06T07:52:28.140+0000] {logging_mixin.py:190} INFO - Current task name:search_catalog state:running start_date:2025-03-06 07:52:27.275381+00:00
[2025-03-06T07:52:28.140+0000] {logging_mixin.py:190} INFO - Dag name:example_complex and current dag run status:running
[2025-03-06T07:52:28.140+0000] {taskinstance.py:731} INFO - ::endgroup::
[2025-03-06T07:52:28.155+0000] {subprocess.py:78} INFO - Tmp dir root location: /tmp
[2025-03-06T07:52:28.159+0000] {subprocess.py:88} INFO - Running command: ['/usr/bin/bash', '-c', 'echo search_catalog']
[2025-03-06T07:52:28.416+0000] {subprocess.py:99} INFO - Output:
[2025-03-06T07:52:28.442+0000] {subprocess.py:106} INFO - search_catalog
[2025-03-06T07:52:28.454+0000] {subprocess.py:110} INFO - Command exited with return code 0
[2025-03-06T07:52:28.550+0000] {taskinstance.py:340} INFO - ::group::Post task execution logs
[2025-03-06T07:52:28.551+0000] {taskinstance.py:352} INFO - Marking task as SUCCESS. dag_id=example_complex, task_id=search_catalog, run_id=manual__2025-03-06T07:51:49.585497+00:00, execution_date=20250306T075149, start_date=20250306T075227, end_date=20250306T075228
[2025-03-06T07:52:28.654+0000] {logging_mixin.py:190} INFO - Task instance in success state
[2025-03-06T07:52:28.654+0000] {logging_mixin.py:190} INFO -  Previous state of the Task instance: running
[2025-03-06T07:52:28.654+0000] {logging_mixin.py:190} INFO - Dag name:example_complex queued_at:2025-03-06 07:51:49.608785+00:00
[2025-03-06T07:52:28.654+0000] {logging_mixin.py:190} INFO - Task hostname:18303226ae83 operator:BashOperator
[2025-03-06T07:52:28.745+0000] {local_task_job_runner.py:266} INFO - Task exited with return code 0
[2025-03-06T07:52:28.801+0000] {local_task_job_runner.py:245} INFO - ::endgroup::
