[2025-03-06T07:52:33.011+0000] {local_task_job_runner.py:123} INFO - ::group::Pre task execution logs
[2025-03-06T07:52:33.061+0000] {taskinstance.py:2613} INFO - Dependencies all met for dep_context=non-requeueable deps ti=<TaskInstance: example_complex.list_tags_result manual__2025-03-06T07:51:49.585497+00:00 [queued]>
[2025-03-06T07:52:33.074+0000] {taskinstance.py:2613} INFO - Dependencies all met for dep_context=requeueable deps ti=<TaskInstance: example_complex.list_tags_result manual__2025-03-06T07:51:49.585497+00:00 [queued]>
[2025-03-06T07:52:33.074+0000] {taskinstance.py:2866} INFO - Starting attempt 1 of 1
[2025-03-06T07:52:33.092+0000] {taskinstance.py:2889} INFO - Executing <Task(BashOperator): list_tags_result> on 2025-03-06 07:51:49.585497+00:00
[2025-03-06T07:52:33.160+0000] {logging_mixin.py:190} WARNING - /home/***/.local/lib/python3.12/site-packages/***/task/task_runner/standard_task_runner.py:70 DeprecationWarning: This process (pid=25853) is multi-threaded, use of fork() may lead to deadlocks in the child.
[2025-03-06T07:52:33.165+0000] {standard_task_runner.py:72} INFO - Started process 25956 to run task
[2025-03-06T07:52:33.148+0000] {standard_task_runner.py:104} INFO - Running: ['***', 'tasks', 'run', 'example_complex', 'list_tags_result', 'manual__2025-03-06T07:51:49.585497+00:00', '--job-id', '33', '--raw', '--subdir', '/home/***/.local/lib/python3.12/site-packages/***/example_dags/example_complex.py', '--cfg-path', '/tmp/tmpm8znhy4v']
[2025-03-06T07:52:33.199+0000] {standard_task_runner.py:105} INFO - Job 33: Subtask list_tags_result
[2025-03-06T07:52:33.409+0000] {task_command.py:467} INFO - Running <TaskInstance: example_complex.list_tags_result manual__2025-03-06T07:51:49.585497+00:00 [running]> on host 18303226ae83
[2025-03-06T07:52:33.799+0000] {taskinstance.py:3132} INFO - Exporting env vars: AIRFLOW_CTX_DAG_OWNER='***' AIRFLOW_CTX_DAG_ID='example_complex' AIRFLOW_CTX_TASK_ID='list_tags_result' AIRFLOW_CTX_EXECUTION_DATE='2025-03-06T07:51:49.585497+00:00' AIRFLOW_CTX_TRY_NUMBER='1' AIRFLOW_CTX_DAG_RUN_ID='manual__2025-03-06T07:51:49.585497+00:00'
[2025-03-06T07:52:33.822+0000] {logging_mixin.py:190} INFO - Task instance is in running state
[2025-03-06T07:52:33.829+0000] {logging_mixin.py:190} INFO -  Previous state of the Task instance: queued
[2025-03-06T07:52:33.838+0000] {logging_mixin.py:190} INFO - Current task name:list_tags_result state:running start_date:2025-03-06 07:52:33.061823+00:00
[2025-03-06T07:52:33.844+0000] {logging_mixin.py:190} INFO - Dag name:example_complex and current dag run status:running
[2025-03-06T07:52:33.850+0000] {taskinstance.py:731} INFO - ::endgroup::
[2025-03-06T07:52:33.855+0000] {subprocess.py:78} INFO - Tmp dir root location: /tmp
[2025-03-06T07:52:33.863+0000] {subprocess.py:88} INFO - Running command: ['/usr/bin/bash', '-c', 'echo list_tags_result']
[2025-03-06T07:52:34.153+0000] {subprocess.py:99} INFO - Output:
[2025-03-06T07:52:34.167+0000] {subprocess.py:106} INFO - list_tags_result
[2025-03-06T07:52:34.217+0000] {subprocess.py:110} INFO - Command exited with return code 0
[2025-03-06T07:52:34.358+0000] {taskinstance.py:340} INFO - ::group::Post task execution logs
[2025-03-06T07:52:34.365+0000] {taskinstance.py:352} INFO - Marking task as SUCCESS. dag_id=example_complex, task_id=list_tags_result, run_id=manual__2025-03-06T07:51:49.585497+00:00, execution_date=20250306T075149, start_date=20250306T075233, end_date=20250306T075234
[2025-03-06T07:52:34.396+0000] {logging_mixin.py:190} INFO - Task instance in success state
[2025-03-06T07:52:34.397+0000] {logging_mixin.py:190} INFO -  Previous state of the Task instance: running
[2025-03-06T07:52:34.397+0000] {logging_mixin.py:190} INFO - Dag name:example_complex queued_at:2025-03-06 07:51:49.608785+00:00
[2025-03-06T07:52:34.398+0000] {logging_mixin.py:190} INFO - Task hostname:18303226ae83 operator:BashOperator
[2025-03-06T07:52:34.498+0000] {local_task_job_runner.py:266} INFO - Task exited with return code 0
[2025-03-06T07:52:34.684+0000] {taskinstance.py:3895} INFO - 0 downstream tasks scheduled from follow-on schedule check
[2025-03-06T07:52:34.697+0000] {local_task_job_runner.py:245} INFO - ::endgroup::
