[2025-03-06T07:53:10.569+0000] {local_task_job_runner.py:123} INFO - ::group::Pre task execution logs
[2025-03-06T07:53:10.638+0000] {taskinstance.py:2613} INFO - Dependencies all met for dep_context=non-requeueable deps ti=<TaskInstance: example_python_decorator.external_python manual__2025-03-06T07:52:52.081345+00:00 [queued]>
[2025-03-06T07:53:10.676+0000] {taskinstance.py:2613} INFO - Dependencies all met for dep_context=requeueable deps ti=<TaskInstance: example_python_decorator.external_python manual__2025-03-06T07:52:52.081345+00:00 [queued]>
[2025-03-06T07:53:10.677+0000] {taskinstance.py:2866} INFO - Starting attempt 1 of 1
[2025-03-06T07:53:10.698+0000] {taskinstance.py:2889} INFO - Executing <Task(_PythonExternalDecoratedOperator): external_python> on 2025-03-06 07:52:52.081345+00:00
[2025-03-06T07:53:10.805+0000] {logging_mixin.py:190} WARNING - /home/***/.local/lib/python3.12/site-packages/***/task/task_runner/standard_task_runner.py:70 DeprecationWarning: This process (pid=26260) is multi-threaded, use of fork() may lead to deadlocks in the child.
[2025-03-06T07:53:10.806+0000] {standard_task_runner.py:72} INFO - Started process 26376 to run task
[2025-03-06T07:53:10.792+0000] {standard_task_runner.py:104} INFO - Running: ['***', 'tasks', 'run', 'example_python_decorator', 'external_python', 'manual__2025-03-06T07:52:52.081345+00:00', '--job-id', '63', '--raw', '--subdir', '/home/***/.local/lib/python3.12/site-packages/***/example_dags/example_python_decorator.py', '--cfg-path', '/tmp/tmp3xoja6ob']
[2025-03-06T07:53:10.833+0000] {standard_task_runner.py:105} INFO - Job 63: Subtask external_python
[2025-03-06T07:53:11.051+0000] {task_command.py:467} INFO - Running <TaskInstance: example_python_decorator.external_python manual__2025-03-06T07:52:52.081345+00:00 [running]> on host 18303226ae83
[2025-03-06T07:53:11.316+0000] {taskinstance.py:3132} INFO - Exporting env vars: AIRFLOW_CTX_DAG_OWNER='***' AIRFLOW_CTX_DAG_ID='example_python_decorator' AIRFLOW_CTX_TASK_ID='external_python' AIRFLOW_CTX_EXECUTION_DATE='2025-03-06T07:52:52.081345+00:00' AIRFLOW_CTX_TRY_NUMBER='1' AIRFLOW_CTX_DAG_RUN_ID='manual__2025-03-06T07:52:52.081345+00:00'
[2025-03-06T07:53:11.329+0000] {logging_mixin.py:190} INFO - Task instance is in running state
[2025-03-06T07:53:11.337+0000] {logging_mixin.py:190} INFO -  Previous state of the Task instance: queued
[2025-03-06T07:53:11.341+0000] {logging_mixin.py:190} INFO - Current task name:external_python state:running start_date:2025-03-06 07:53:10.646757+00:00
[2025-03-06T07:53:11.342+0000] {logging_mixin.py:190} INFO - Dag name:example_python_decorator and current dag run status:running
[2025-03-06T07:53:11.349+0000] {taskinstance.py:731} INFO - ::endgroup::
[2025-03-06T07:53:16.135+0000] {process_utils.py:186} INFO - Executing cmd: /home/***/.local/bin/python /tmp/venv-callbwk3xinb/script.py /tmp/venv-callbwk3xinb/script.in /tmp/venv-callbwk3xinb/script.out /tmp/venv-callbwk3xinb/string_args.txt /tmp/venv-callbwk3xinb/termination.log
[2025-03-06T07:53:16.161+0000] {process_utils.py:190} INFO - Output:
[2025-03-06T07:53:36.748+0000] {process_utils.py:194} INFO - Running task via /home/***/.local/bin/python
[2025-03-06T07:53:36.749+0000] {process_utils.py:194} INFO - Sleeping
[2025-03-06T07:53:36.749+0000] {process_utils.py:194} INFO - Please wait...
[2025-03-06T07:53:37.749+0000] {process_utils.py:194} INFO - Please wait...
[2025-03-06T07:53:38.750+0000] {process_utils.py:194} INFO - Please wait...
[2025-03-06T07:53:39.750+0000] {process_utils.py:194} INFO - Please wait...
[2025-03-06T07:53:40.750+0000] {process_utils.py:194} INFO - Finished
[2025-03-06T07:53:41.409+0000] {python.py:240} INFO - Done. Returned value was: None
[2025-03-06T07:53:41.429+0000] {taskinstance.py:340} INFO - ::group::Post task execution logs
[2025-03-06T07:53:41.430+0000] {taskinstance.py:352} INFO - Marking task as SUCCESS. dag_id=example_python_decorator, task_id=external_python, run_id=manual__2025-03-06T07:52:52.081345+00:00, execution_date=20250306T075252, start_date=20250306T075310, end_date=20250306T075341
[2025-03-06T07:53:41.446+0000] {logging_mixin.py:190} INFO - Task instance in success state
[2025-03-06T07:53:41.446+0000] {logging_mixin.py:190} INFO -  Previous state of the Task instance: running
[2025-03-06T07:53:41.447+0000] {logging_mixin.py:190} INFO - Dag name:example_python_decorator queued_at:2025-03-06 07:52:52.122877+00:00
[2025-03-06T07:53:41.448+0000] {logging_mixin.py:190} INFO - Task hostname:18303226ae83 operator:_PythonExternalDecoratedOperator
[2025-03-06T07:53:41.465+0000] {local_task_job_runner.py:266} INFO - Task exited with return code 0
[2025-03-06T07:53:41.488+0000] {taskinstance.py:3895} INFO - 1 downstream tasks scheduled from follow-on schedule check
[2025-03-06T07:53:41.489+0000] {local_task_job_runner.py:245} INFO - ::endgroup::
