[2025-03-06T07:52:58.568+0000] {local_task_job_runner.py:123} INFO - ::group::Pre task execution logs
[2025-03-06T07:52:58.790+0000] {taskinstance.py:2613} INFO - Dependencies all met for dep_context=non-requeueable deps ti=<TaskInstance: example_complex.get_entry_result manual__2025-03-06T07:52:25.042308+00:00 [queued]>
[2025-03-06T07:52:58.883+0000] {taskinstance.py:2613} INFO - Dependencies all met for dep_context=requeueable deps ti=<TaskInstance: example_complex.get_entry_result manual__2025-03-06T07:52:25.042308+00:00 [queued]>
[2025-03-06T07:52:58.885+0000] {taskinstance.py:2866} INFO - Starting attempt 1 of 1
[2025-03-06T07:52:59.038+0000] {taskinstance.py:2889} INFO - Executing <Task(BashOperator): get_entry_result> on 2025-03-06 07:52:25.042308+00:00
[2025-03-06T07:52:59.108+0000] {standard_task_runner.py:104} INFO - Running: ['***', 'tasks', 'run', 'example_complex', 'get_entry_result', 'manual__2025-03-06T07:52:25.042308+00:00', '--job-id', '55', '--raw', '--subdir', '/home/***/.local/lib/python3.12/site-packages/***/example_dags/example_complex.py', '--cfg-path', '/tmp/tmp9eflh07q']
[2025-03-06T07:52:59.148+0000] {standard_task_runner.py:105} INFO - Job 55: Subtask get_entry_result
[2025-03-06T07:52:59.146+0000] {logging_mixin.py:190} WARNING - /home/***/.local/lib/python3.12/site-packages/***/task/task_runner/standard_task_runner.py:70 DeprecationWarning: This process (pid=26125) is multi-threaded, use of fork() may lead to deadlocks in the child.
[2025-03-06T07:52:59.165+0000] {standard_task_runner.py:72} INFO - Started process 26200 to run task
[2025-03-06T07:52:59.545+0000] {task_command.py:467} INFO - Running <TaskInstance: example_complex.get_entry_result manual__2025-03-06T07:52:25.042308+00:00 [running]> on host 18303226ae83
[2025-03-06T07:53:00.101+0000] {taskinstance.py:3132} INFO - Exporting env vars: AIRFLOW_CTX_DAG_OWNER='***' AIRFLOW_CTX_DAG_ID='example_complex' AIRFLOW_CTX_TASK_ID='get_entry_result' AIRFLOW_CTX_EXECUTION_DATE='2025-03-06T07:52:25.042308+00:00' AIRFLOW_CTX_TRY_NUMBER='1' AIRFLOW_CTX_DAG_RUN_ID='manual__2025-03-06T07:52:25.042308+00:00'
[2025-03-06T07:53:00.107+0000] {logging_mixin.py:190} INFO - Task instance is in running state
[2025-03-06T07:53:00.107+0000] {logging_mixin.py:190} INFO -  Previous state of the Task instance: queued
[2025-03-06T07:53:00.108+0000] {logging_mixin.py:190} INFO - Current task name:get_entry_result state:running start_date:2025-03-06 07:52:58.802934+00:00
[2025-03-06T07:53:00.108+0000] {logging_mixin.py:190} INFO - Dag name:example_complex and current dag run status:running
[2025-03-06T07:53:00.108+0000] {taskinstance.py:731} INFO - ::endgroup::
[2025-03-06T07:53:00.121+0000] {subprocess.py:78} INFO - Tmp dir root location: /tmp
[2025-03-06T07:53:00.122+0000] {subprocess.py:88} INFO - Running command: ['/usr/bin/bash', '-c', 'echo get_entry_result']
[2025-03-06T07:53:00.277+0000] {subprocess.py:99} INFO - Output:
[2025-03-06T07:53:00.294+0000] {subprocess.py:106} INFO - get_entry_result
[2025-03-06T07:53:00.302+0000] {subprocess.py:110} INFO - Command exited with return code 0
[2025-03-06T07:53:00.376+0000] {taskinstance.py:340} INFO - ::group::Post task execution logs
[2025-03-06T07:53:00.386+0000] {taskinstance.py:352} INFO - Marking task as SUCCESS. dag_id=example_complex, task_id=get_entry_result, run_id=manual__2025-03-06T07:52:25.042308+00:00, execution_date=20250306T075225, start_date=20250306T075258, end_date=20250306T075300
[2025-03-06T07:53:00.416+0000] {logging_mixin.py:190} INFO - Task instance in success state
[2025-03-06T07:53:00.417+0000] {logging_mixin.py:190} INFO -  Previous state of the Task instance: running
[2025-03-06T07:53:00.418+0000] {logging_mixin.py:190} INFO - Dag name:example_complex queued_at:2025-03-06 07:52:25.053900+00:00
[2025-03-06T07:53:00.421+0000] {logging_mixin.py:190} INFO - Task hostname:18303226ae83 operator:BashOperator
[2025-03-06T07:53:00.512+0000] {local_task_job_runner.py:266} INFO - Task exited with return code 0
[2025-03-06T07:53:00.538+0000] {local_task_job_runner.py:245} INFO - ::endgroup::
