[2025-03-06T07:52:26.946+0000] {local_task_job_runner.py:123} INFO - ::group::Pre task execution logs
[2025-03-06T07:52:27.128+0000] {taskinstance.py:2613} INFO - Dependencies all met for dep_context=non-requeueable deps ti=<TaskInstance: example_complex.update_tag manual__2025-03-06T07:51:49.585497+00:00 [queued]>
[2025-03-06T07:52:27.167+0000] {taskinstance.py:2613} INFO - Dependencies all met for dep_context=requeueable deps ti=<TaskInstance: example_complex.update_tag manual__2025-03-06T07:51:49.585497+00:00 [queued]>
[2025-03-06T07:52:27.168+0000] {taskinstance.py:2866} INFO - Starting attempt 1 of 1
[2025-03-06T07:52:27.258+0000] {taskinstance.py:2889} INFO - Executing <Task(BashOperator): update_tag> on 2025-03-06 07:51:49.585497+00:00
[2025-03-06T07:52:27.350+0000] {standard_task_runner.py:104} INFO - Running: ['***', 'tasks', 'run', 'example_complex', 'update_tag', 'manual__2025-03-06T07:51:49.585497+00:00', '--job-id', '27', '--raw', '--subdir', '/home/***/.local/lib/python3.12/site-packages/***/example_dags/example_complex.py', '--cfg-path', '/tmp/tmpd_51qzdk']
[2025-03-06T07:52:27.352+0000] {standard_task_runner.py:105} INFO - Job 27: Subtask update_tag
[2025-03-06T07:52:27.391+0000] {logging_mixin.py:190} WARNING - /home/***/.local/lib/python3.12/site-packages/***/task/task_runner/standard_task_runner.py:70 DeprecationWarning: This process (pid=25802) is multi-threaded, use of fork() may lead to deadlocks in the child.
[2025-03-06T07:52:27.408+0000] {standard_task_runner.py:72} INFO - Started process 25827 to run task
[2025-03-06T07:52:27.645+0000] {task_command.py:467} INFO - Running <TaskInstance: example_complex.update_tag manual__2025-03-06T07:51:49.585497+00:00 [running]> on host 18303226ae83
[2025-03-06T07:52:28.242+0000] {taskinstance.py:3132} INFO - Exporting env vars: AIRFLOW_CTX_DAG_OWNER='***' AIRFLOW_CTX_DAG_ID='example_complex' AIRFLOW_CTX_TASK_ID='update_tag' AIRFLOW_CTX_EXECUTION_DATE='2025-03-06T07:51:49.585497+00:00' AIRFLOW_CTX_TRY_NUMBER='1' AIRFLOW_CTX_DAG_RUN_ID='manual__2025-03-06T07:51:49.585497+00:00'
[2025-03-06T07:52:28.243+0000] {logging_mixin.py:190} INFO - Task instance is in running state
[2025-03-06T07:52:28.258+0000] {logging_mixin.py:190} INFO -  Previous state of the Task instance: queued
[2025-03-06T07:52:28.263+0000] {logging_mixin.py:190} INFO - Current task name:update_tag state:running start_date:2025-03-06 07:52:27.130418+00:00
[2025-03-06T07:52:28.268+0000] {logging_mixin.py:190} INFO - Dag name:example_complex and current dag run status:running
[2025-03-06T07:52:28.269+0000] {taskinstance.py:731} INFO - ::endgroup::
[2025-03-06T07:52:28.271+0000] {subprocess.py:78} INFO - Tmp dir root location: /tmp
[2025-03-06T07:52:28.280+0000] {subprocess.py:88} INFO - Running command: ['/usr/bin/bash', '-c', 'echo update_tag']
[2025-03-06T07:52:28.497+0000] {subprocess.py:99} INFO - Output:
[2025-03-06T07:52:28.541+0000] {subprocess.py:106} INFO - update_tag
[2025-03-06T07:52:28.551+0000] {subprocess.py:110} INFO - Command exited with return code 0
[2025-03-06T07:52:28.644+0000] {taskinstance.py:340} INFO - ::group::Post task execution logs
[2025-03-06T07:52:28.659+0000] {taskinstance.py:352} INFO - Marking task as SUCCESS. dag_id=example_complex, task_id=update_tag, run_id=manual__2025-03-06T07:51:49.585497+00:00, execution_date=20250306T075149, start_date=20250306T075227, end_date=20250306T075228
[2025-03-06T07:52:28.723+0000] {logging_mixin.py:190} INFO - Task instance in success state
[2025-03-06T07:52:28.724+0000] {logging_mixin.py:190} INFO -  Previous state of the Task instance: running
[2025-03-06T07:52:28.724+0000] {logging_mixin.py:190} INFO - Dag name:example_complex queued_at:2025-03-06 07:51:49.608785+00:00
[2025-03-06T07:52:28.724+0000] {logging_mixin.py:190} INFO - Task hostname:18303226ae83 operator:BashOperator
[2025-03-06T07:52:28.787+0000] {local_task_job_runner.py:266} INFO - Task exited with return code 0
[2025-03-06T07:52:28.857+0000] {local_task_job_runner.py:245} INFO - ::endgroup::
