[2025-03-06T07:52:03.140+0000] {local_task_job_runner.py:123} INFO - ::group::Pre task execution logs
[2025-03-06T07:52:03.211+0000] {taskinstance.py:2613} INFO - Dependencies all met for dep_context=non-requeueable deps ti=<TaskInstance: example_complex.update_entry manual__2025-03-06T07:51:49.585497+00:00 [queued]>
[2025-03-06T07:52:03.281+0000] {taskinstance.py:2613} INFO - Dependencies all met for dep_context=requeueable deps ti=<TaskInstance: example_complex.update_entry manual__2025-03-06T07:51:49.585497+00:00 [queued]>
[2025-03-06T07:52:03.287+0000] {taskinstance.py:2866} INFO - Starting attempt 1 of 1
[2025-03-06T07:52:03.503+0000] {taskinstance.py:2889} INFO - Executing <Task(BashOperator): update_entry> on 2025-03-06 07:51:49.585497+00:00
[2025-03-06T07:52:03.640+0000] {standard_task_runner.py:104} INFO - Running: ['***', 'tasks', 'run', 'example_complex', 'update_entry', 'manual__2025-03-06T07:51:49.585497+00:00', '--job-id', '9', '--raw', '--subdir', '/home/***/.local/lib/python3.12/site-packages/***/example_dags/example_complex.py', '--cfg-path', '/tmp/tmpicenb2_5']
[2025-03-06T07:52:03.641+0000] {standard_task_runner.py:105} INFO - Job 9: Subtask update_entry
[2025-03-06T07:52:03.657+0000] {logging_mixin.py:190} WARNING - /home/***/.local/lib/python3.12/site-packages/***/task/task_runner/standard_task_runner.py:70 DeprecationWarning: This process (pid=25471) is multi-threaded, use of fork() may lead to deadlocks in the child.
[2025-03-06T07:52:03.726+0000] {standard_task_runner.py:72} INFO - Started process 25581 to run task
[2025-03-06T07:52:04.057+0000] {task_command.py:467} INFO - Running <TaskInstance: example_complex.update_entry manual__2025-03-06T07:51:49.585497+00:00 [running]> on host 18303226ae83
[2025-03-06T07:52:04.708+0000] {taskinstance.py:3132} INFO - Exporting env vars: AIRFLOW_CTX_DAG_OWNER='***' AIRFLOW_CTX_DAG_ID='example_complex' AIRFLOW_CTX_TASK_ID='update_entry' AIRFLOW_CTX_EXECUTION_DATE='2025-03-06T07:51:49.585497+00:00' AIRFLOW_CTX_TRY_NUMBER='1' AIRFLOW_CTX_DAG_RUN_ID='manual__2025-03-06T07:51:49.585497+00:00'
[2025-03-06T07:52:04.718+0000] {logging_mixin.py:190} INFO - Task instance is in running state
[2025-03-06T07:52:04.725+0000] {logging_mixin.py:190} INFO -  Previous state of the Task instance: queued
[2025-03-06T07:52:04.726+0000] {logging_mixin.py:190} INFO - Current task name:update_entry state:running start_date:2025-03-06 07:52:03.219759+00:00
[2025-03-06T07:52:04.732+0000] {logging_mixin.py:190} INFO - Dag name:example_complex and current dag run status:running
[2025-03-06T07:52:04.733+0000] {taskinstance.py:731} INFO - ::endgroup::
[2025-03-06T07:52:04.738+0000] {subprocess.py:78} INFO - Tmp dir root location: /tmp
[2025-03-06T07:52:04.753+0000] {subprocess.py:88} INFO - Running command: ['/usr/bin/bash', '-c', 'echo update_entry']
[2025-03-06T07:52:04.975+0000] {subprocess.py:99} INFO - Output:
[2025-03-06T07:52:04.985+0000] {subprocess.py:106} INFO - update_entry
[2025-03-06T07:52:04.986+0000] {subprocess.py:110} INFO - Command exited with return code 0
[2025-03-06T07:52:05.037+0000] {taskinstance.py:340} INFO - ::group::Post task execution logs
[2025-03-06T07:52:05.038+0000] {taskinstance.py:352} INFO - Marking task as SUCCESS. dag_id=example_complex, task_id=update_entry, run_id=manual__2025-03-06T07:51:49.585497+00:00, execution_date=20250306T075149, start_date=20250306T075203, end_date=20250306T075205
[2025-03-06T07:52:05.063+0000] {logging_mixin.py:190} INFO - Task instance in success state
[2025-03-06T07:52:05.063+0000] {logging_mixin.py:190} INFO -  Previous state of the Task instance: running
[2025-03-06T07:52:05.069+0000] {logging_mixin.py:190} INFO - Dag name:example_complex queued_at:2025-03-06 07:51:49.608785+00:00
[2025-03-06T07:52:05.070+0000] {logging_mixin.py:190} INFO - Task hostname:18303226ae83 operator:BashOperator
[2025-03-06T07:52:05.180+0000] {local_task_job_runner.py:266} INFO - Task exited with return code 0
[2025-03-06T07:52:05.271+0000] {local_task_job_runner.py:245} INFO - ::endgroup::
