[2025-03-06T07:52:47.337+0000] {local_task_job_runner.py:123} INFO - ::group::Pre task execution logs
[2025-03-06T07:52:47.458+0000] {taskinstance.py:2613} INFO - Dependencies all met for dep_context=non-requeueable deps ti=<TaskInstance: example_complex.get_entry_group_result manual__2025-03-06T07:52:25.042308+00:00 [queued]>
[2025-03-06T07:52:47.589+0000] {taskinstance.py:2613} INFO - Dependencies all met for dep_context=requeueable deps ti=<TaskInstance: example_complex.get_entry_group_result manual__2025-03-06T07:52:25.042308+00:00 [queued]>
[2025-03-06T07:52:47.597+0000] {taskinstance.py:2866} INFO - Starting attempt 1 of 1
[2025-03-06T07:52:47.761+0000] {taskinstance.py:2889} INFO - Executing <Task(BashOperator): get_entry_group_result> on 2025-03-06 07:52:25.042308+00:00
[2025-03-06T07:52:47.829+0000] {logging_mixin.py:190} WARNING - /home/***/.local/lib/python3.12/site-packages/***/task/task_runner/standard_task_runner.py:70 DeprecationWarning: This process (pid=26068) is multi-threaded, use of fork() may lead to deadlocks in the child.
[2025-03-06T07:52:47.860+0000] {standard_task_runner.py:72} INFO - Started process 26111 to run task
[2025-03-06T07:52:47.879+0000] {standard_task_runner.py:104} INFO - Running: ['***', 'tasks', 'run', 'example_complex', 'get_entry_group_result', 'manual__2025-03-06T07:52:25.042308+00:00', '--job-id', '47', '--raw', '--subdir', '/home/***/.local/lib/python3.12/site-packages/***/example_dags/example_complex.py', '--cfg-path', '/tmp/tmpuh766jg5']
[2025-03-06T07:52:47.907+0000] {standard_task_runner.py:105} INFO - Job 47: Subtask get_entry_group_result
[2025-03-06T07:52:48.245+0000] {task_command.py:467} INFO - Running <TaskInstance: example_complex.get_entry_group_result manual__2025-03-06T07:52:25.042308+00:00 [running]> on host 18303226ae83
[2025-03-06T07:52:48.496+0000] {taskinstance.py:3132} INFO - Exporting env vars: AIRFLOW_CTX_DAG_OWNER='***' AIRFLOW_CTX_DAG_ID='example_complex' AIRFLOW_CTX_TASK_ID='get_entry_group_result' AIRFLOW_CTX_EXECUTION_DATE='2025-03-06T07:52:25.042308+00:00' AIRFLOW_CTX_TRY_NUMBER='1' AIRFLOW_CTX_DAG_RUN_ID='manual__2025-03-06T07:52:25.042308+00:00'
[2025-03-06T07:52:48.506+0000] {logging_mixin.py:190} INFO - Task instance is in running state
[2025-03-06T07:52:48.506+0000] {logging_mixin.py:190} INFO -  Previous state of the Task instance: queued
[2025-03-06T07:52:48.511+0000] {logging_mixin.py:190} INFO - Current task name:get_entry_group_result state:running start_date:2025-03-06 07:52:47.466365+00:00
[2025-03-06T07:52:48.512+0000] {logging_mixin.py:190} INFO - Dag name:example_complex and current dag run status:running
[2025-03-06T07:52:48.513+0000] {taskinstance.py:731} INFO - ::endgroup::
[2025-03-06T07:52:48.516+0000] {subprocess.py:78} INFO - Tmp dir root location: /tmp
[2025-03-06T07:52:48.517+0000] {subprocess.py:88} INFO - Running command: ['/usr/bin/bash', '-c', 'echo get_entry_group_result']
[2025-03-06T07:52:48.566+0000] {subprocess.py:99} INFO - Output:
[2025-03-06T07:52:48.569+0000] {subprocess.py:106} INFO - get_entry_group_result
[2025-03-06T07:52:48.570+0000] {subprocess.py:110} INFO - Command exited with return code 0
[2025-03-06T07:52:48.606+0000] {taskinstance.py:340} INFO - ::group::Post task execution logs
[2025-03-06T07:52:48.607+0000] {taskinstance.py:352} INFO - Marking task as SUCCESS. dag_id=example_complex, task_id=get_entry_group_result, run_id=manual__2025-03-06T07:52:25.042308+00:00, execution_date=20250306T075225, start_date=20250306T075247, end_date=20250306T075248
[2025-03-06T07:52:48.624+0000] {logging_mixin.py:190} INFO - Task instance in success state
[2025-03-06T07:52:48.625+0000] {logging_mixin.py:190} INFO -  Previous state of the Task instance: running
[2025-03-06T07:52:48.626+0000] {logging_mixin.py:190} INFO - Dag name:example_complex queued_at:2025-03-06 07:52:25.053900+00:00
[2025-03-06T07:52:48.626+0000] {logging_mixin.py:190} INFO - Task hostname:18303226ae83 operator:BashOperator
[2025-03-06T07:52:48.678+0000] {local_task_job_runner.py:266} INFO - Task exited with return code 0
[2025-03-06T07:52:48.861+0000] {taskinstance.py:3895} INFO - 0 downstream tasks scheduled from follow-on schedule check
[2025-03-06T07:52:48.885+0000] {local_task_job_runner.py:245} INFO - ::endgroup::
