[2025-03-06T07:52:46.687+0000] {local_task_job_runner.py:123} INFO - ::group::Pre task execution logs
[2025-03-06T07:52:46.785+0000] {taskinstance.py:2613} INFO - Dependencies all met for dep_context=non-requeueable deps ti=<TaskInstance: example_complex.create_entry_gcs_result2 manual__2025-03-06T07:52:25.042308+00:00 [queued]>
[2025-03-06T07:52:46.868+0000] {taskinstance.py:2613} INFO - Dependencies all met for dep_context=requeueable deps ti=<TaskInstance: example_complex.create_entry_gcs_result2 manual__2025-03-06T07:52:25.042308+00:00 [queued]>
[2025-03-06T07:52:46.874+0000] {taskinstance.py:2866} INFO - Starting attempt 1 of 1
[2025-03-06T07:52:46.977+0000] {taskinstance.py:2889} INFO - Executing <Task(BashOperator): create_entry_gcs_result2> on 2025-03-06 07:52:25.042308+00:00
[2025-03-06T07:52:47.069+0000] {logging_mixin.py:190} WARNING - /home/***/.local/lib/python3.12/site-packages/***/task/task_runner/standard_task_runner.py:70 DeprecationWarning: This process (pid=26060) is multi-threaded, use of fork() may lead to deadlocks in the child.
[2025-03-06T07:52:47.074+0000] {standard_task_runner.py:72} INFO - Started process 26102 to run task
[2025-03-06T07:52:47.089+0000] {standard_task_runner.py:104} INFO - Running: ['***', 'tasks', 'run', 'example_complex', 'create_entry_gcs_result2', 'manual__2025-03-06T07:52:25.042308+00:00', '--job-id', '44', '--raw', '--subdir', '/home/***/.local/lib/python3.12/site-packages/***/example_dags/example_complex.py', '--cfg-path', '/tmp/tmp1xmwej_r']
[2025-03-06T07:52:47.117+0000] {standard_task_runner.py:105} INFO - Job 44: Subtask create_entry_gcs_result2
[2025-03-06T07:52:47.344+0000] {task_command.py:467} INFO - Running <TaskInstance: example_complex.create_entry_gcs_result2 manual__2025-03-06T07:52:25.042308+00:00 [running]> on host 18303226ae83
[2025-03-06T07:52:47.925+0000] {taskinstance.py:3132} INFO - Exporting env vars: AIRFLOW_CTX_DAG_OWNER='***' AIRFLOW_CTX_DAG_ID='example_complex' AIRFLOW_CTX_TASK_ID='create_entry_gcs_result2' AIRFLOW_CTX_EXECUTION_DATE='2025-03-06T07:52:25.042308+00:00' AIRFLOW_CTX_TRY_NUMBER='1' AIRFLOW_CTX_DAG_RUN_ID='manual__2025-03-06T07:52:25.042308+00:00'
[2025-03-06T07:52:47.928+0000] {logging_mixin.py:190} INFO - Task instance is in running state
[2025-03-06T07:52:47.937+0000] {logging_mixin.py:190} INFO -  Previous state of the Task instance: queued
[2025-03-06T07:52:47.942+0000] {logging_mixin.py:190} INFO - Current task name:create_entry_gcs_result2 state:running start_date:2025-03-06 07:52:46.797990+00:00
[2025-03-06T07:52:47.948+0000] {logging_mixin.py:190} INFO - Dag name:example_complex and current dag run status:running
[2025-03-06T07:52:47.953+0000] {taskinstance.py:731} INFO - ::endgroup::
[2025-03-06T07:52:47.958+0000] {subprocess.py:78} INFO - Tmp dir root location: /tmp
[2025-03-06T07:52:47.959+0000] {subprocess.py:88} INFO - Running command: ['/usr/bin/bash', '-c', 'echo create_entry_gcs_result2']
[2025-03-06T07:52:48.162+0000] {subprocess.py:99} INFO - Output:
[2025-03-06T07:52:48.187+0000] {subprocess.py:106} INFO - create_entry_gcs_result2
[2025-03-06T07:52:48.189+0000] {subprocess.py:110} INFO - Command exited with return code 0
[2025-03-06T07:52:48.284+0000] {taskinstance.py:340} INFO - ::group::Post task execution logs
[2025-03-06T07:52:48.285+0000] {taskinstance.py:352} INFO - Marking task as SUCCESS. dag_id=example_complex, task_id=create_entry_gcs_result2, run_id=manual__2025-03-06T07:52:25.042308+00:00, execution_date=20250306T075225, start_date=20250306T075246, end_date=20250306T075248
[2025-03-06T07:52:48.354+0000] {logging_mixin.py:190} INFO - Task instance in success state
[2025-03-06T07:52:48.355+0000] {logging_mixin.py:190} INFO -  Previous state of the Task instance: running
[2025-03-06T07:52:48.365+0000] {logging_mixin.py:190} INFO - Dag name:example_complex queued_at:2025-03-06 07:52:25.053900+00:00
[2025-03-06T07:52:48.366+0000] {logging_mixin.py:190} INFO - Task hostname:18303226ae83 operator:BashOperator
[2025-03-06T07:52:48.465+0000] {local_task_job_runner.py:266} INFO - Task exited with return code 0
[2025-03-06T07:52:48.648+0000] {taskinstance.py:3895} INFO - 0 downstream tasks scheduled from follow-on schedule check
[2025-03-06T07:52:48.670+0000] {local_task_job_runner.py:245} INFO - ::endgroup::
