[2025-03-06T07:52:03.895+0000] {local_task_job_runner.py:123} INFO - ::group::Pre task execution logs
[2025-03-06T07:52:04.159+0000] {taskinstance.py:2613} INFO - Dependencies all met for dep_context=non-requeueable deps ti=<TaskInstance: example_complex.get_entry manual__2025-03-06T07:51:49.585497+00:00 [queued]>
[2025-03-06T07:52:04.213+0000] {taskinstance.py:2613} INFO - Dependencies all met for dep_context=requeueable deps ti=<TaskInstance: example_complex.get_entry manual__2025-03-06T07:51:49.585497+00:00 [queued]>
[2025-03-06T07:52:04.218+0000] {taskinstance.py:2866} INFO - Starting attempt 1 of 1
[2025-03-06T07:52:04.390+0000] {taskinstance.py:2889} INFO - Executing <Task(BashOperator): get_entry> on 2025-03-06 07:51:49.585497+00:00
[2025-03-06T07:52:04.488+0000] {standard_task_runner.py:104} INFO - Running: ['***', 'tasks', 'run', 'example_complex', 'get_entry', 'manual__2025-03-06T07:51:49.585497+00:00', '--job-id', '13', '--raw', '--subdir', '/home/***/.local/lib/python3.12/site-packages/***/example_dags/example_complex.py', '--cfg-path', '/tmp/tmpayhwmcor']
[2025-03-06T07:52:04.505+0000] {standard_task_runner.py:105} INFO - Job 13: Subtask get_entry
[2025-03-06T07:52:04.515+0000] {logging_mixin.py:190} WARNING - /home/***/.local/lib/python3.12/site-packages/***/task/task_runner/standard_task_runner.py:70 DeprecationWarning: This process (pid=25470) is multi-threaded, use of fork() may lead to deadlocks in the child.
[2025-03-06T07:52:04.543+0000] {standard_task_runner.py:72} INFO - Started process 25600 to run task
[2025-03-06T07:52:04.672+0000] {task_command.py:467} INFO - Running <TaskInstance: example_complex.get_entry manual__2025-03-06T07:51:49.585497+00:00 [running]> on host 18303226ae83
[2025-03-06T07:52:04.999+0000] {taskinstance.py:3132} INFO - Exporting env vars: AIRFLOW_CTX_DAG_OWNER='***' AIRFLOW_CTX_DAG_ID='example_complex' AIRFLOW_CTX_TASK_ID='get_entry' AIRFLOW_CTX_EXECUTION_DATE='2025-03-06T07:51:49.585497+00:00' AIRFLOW_CTX_TRY_NUMBER='1' AIRFLOW_CTX_DAG_RUN_ID='manual__2025-03-06T07:51:49.585497+00:00'
[2025-03-06T07:52:05.002+0000] {logging_mixin.py:190} INFO - Task instance is in running state
[2025-03-06T07:52:05.005+0000] {logging_mixin.py:190} INFO -  Previous state of the Task instance: queued
[2025-03-06T07:52:05.009+0000] {logging_mixin.py:190} INFO - Current task name:get_entry state:running start_date:2025-03-06 07:52:04.168923+00:00
[2025-03-06T07:52:05.010+0000] {logging_mixin.py:190} INFO - Dag name:example_complex and current dag run status:running
[2025-03-06T07:52:05.010+0000] {taskinstance.py:731} INFO - ::endgroup::
[2025-03-06T07:52:05.012+0000] {subprocess.py:78} INFO - Tmp dir root location: /tmp
[2025-03-06T07:52:05.018+0000] {subprocess.py:88} INFO - Running command: ['/usr/bin/bash', '-c', 'echo get_entry']
[2025-03-06T07:52:05.226+0000] {subprocess.py:99} INFO - Output:
[2025-03-06T07:52:05.274+0000] {subprocess.py:106} INFO - get_entry
[2025-03-06T07:52:05.302+0000] {subprocess.py:110} INFO - Command exited with return code 0
[2025-03-06T07:52:05.392+0000] {taskinstance.py:340} INFO - ::group::Post task execution logs
[2025-03-06T07:52:05.398+0000] {taskinstance.py:352} INFO - Marking task as SUCCESS. dag_id=example_complex, task_id=get_entry, run_id=manual__2025-03-06T07:51:49.585497+00:00, execution_date=20250306T075149, start_date=20250306T075204, end_date=20250306T075205
[2025-03-06T07:52:05.534+0000] {logging_mixin.py:190} INFO - Task instance in success state
[2025-03-06T07:52:05.551+0000] {logging_mixin.py:190} INFO -  Previous state of the Task instance: running
[2025-03-06T07:52:05.551+0000] {logging_mixin.py:190} INFO - Dag name:example_complex queued_at:2025-03-06 07:51:49.608785+00:00
[2025-03-06T07:52:05.551+0000] {logging_mixin.py:190} INFO - Task hostname:18303226ae83 operator:BashOperator
[2025-03-06T07:52:05.628+0000] {local_task_job_runner.py:266} INFO - Task exited with return code 0
[2025-03-06T07:52:05.721+0000] {taskinstance.py:3895} INFO - 1 downstream tasks scheduled from follow-on schedule check
[2025-03-06T07:52:05.728+0000] {local_task_job_runner.py:245} INFO - ::endgroup::
