[2025-03-06T07:53:08.130+0000] {local_task_job_runner.py:123} INFO - ::group::Pre task execution logs
[2025-03-06T07:53:08.334+0000] {taskinstance.py:2613} INFO - Dependencies all met for dep_context=non-requeueable deps ti=<TaskInstance: example_complex.update_tag_template_field manual__2025-03-06T07:52:25.042308+00:00 [queued]>
[2025-03-06T07:53:08.501+0000] {taskinstance.py:2613} INFO - Dependencies all met for dep_context=requeueable deps ti=<TaskInstance: example_complex.update_tag_template_field manual__2025-03-06T07:52:25.042308+00:00 [queued]>
[2025-03-06T07:53:08.502+0000] {taskinstance.py:2866} INFO - Starting attempt 1 of 1
[2025-03-06T07:53:08.733+0000] {taskinstance.py:2889} INFO - Executing <Task(BashOperator): update_tag_template_field> on 2025-03-06 07:52:25.042308+00:00
[2025-03-06T07:53:08.819+0000] {logging_mixin.py:190} WARNING - /home/***/.local/lib/python3.12/site-packages/***/task/task_runner/standard_task_runner.py:70 DeprecationWarning: This process (pid=26241) is multi-threaded, use of fork() may lead to deadlocks in the child.
[2025-03-06T07:53:08.843+0000] {standard_task_runner.py:72} INFO - Started process 26346 to run task
[2025-03-06T07:53:08.812+0000] {standard_task_runner.py:104} INFO - Running: ['***', 'tasks', 'run', 'example_complex', 'update_tag_template_field', 'manual__2025-03-06T07:52:25.042308+00:00', '--job-id', '59', '--raw', '--subdir', '/home/***/.local/lib/python3.12/site-packages/***/example_dags/example_complex.py', '--cfg-path', '/tmp/tmp516pqlu2']
[2025-03-06T07:53:08.849+0000] {standard_task_runner.py:105} INFO - Job 59: Subtask update_tag_template_field
[2025-03-06T07:53:09.168+0000] {task_command.py:467} INFO - Running <TaskInstance: example_complex.update_tag_template_field manual__2025-03-06T07:52:25.042308+00:00 [running]> on host 18303226ae83
[2025-03-06T07:53:09.672+0000] {taskinstance.py:3132} INFO - Exporting env vars: AIRFLOW_CTX_DAG_OWNER='***' AIRFLOW_CTX_DAG_ID='example_complex' AIRFLOW_CTX_TASK_ID='update_tag_template_field' AIRFLOW_CTX_EXECUTION_DATE='2025-03-06T07:52:25.042308+00:00' AIRFLOW_CTX_TRY_NUMBER='1' AIRFLOW_CTX_DAG_RUN_ID='manual__2025-03-06T07:52:25.042308+00:00'
[2025-03-06T07:53:09.676+0000] {logging_mixin.py:190} INFO - Task instance is in running state
[2025-03-06T07:53:09.676+0000] {logging_mixin.py:190} INFO -  Previous state of the Task instance: queued
[2025-03-06T07:53:09.681+0000] {logging_mixin.py:190} INFO - Current task name:update_tag_template_field state:running start_date:2025-03-06 07:53:08.335102+00:00
[2025-03-06T07:53:09.683+0000] {logging_mixin.py:190} INFO - Dag name:example_complex and current dag run status:running
[2025-03-06T07:53:09.684+0000] {taskinstance.py:731} INFO - ::endgroup::
[2025-03-06T07:53:09.694+0000] {subprocess.py:78} INFO - Tmp dir root location: /tmp
[2025-03-06T07:53:09.707+0000] {subprocess.py:88} INFO - Running command: ['/usr/bin/bash', '-c', 'echo update_tag_template_field']
[2025-03-06T07:53:09.889+0000] {subprocess.py:99} INFO - Output:
[2025-03-06T07:53:09.890+0000] {subprocess.py:106} INFO - update_tag_template_field
[2025-03-06T07:53:09.891+0000] {subprocess.py:110} INFO - Command exited with return code 0
[2025-03-06T07:53:09.980+0000] {taskinstance.py:340} INFO - ::group::Post task execution logs
[2025-03-06T07:53:09.981+0000] {taskinstance.py:352} INFO - Marking task as SUCCESS. dag_id=example_complex, task_id=update_tag_template_field, run_id=manual__2025-03-06T07:52:25.042308+00:00, execution_date=20250306T075225, start_date=20250306T075308, end_date=20250306T075309
[2025-03-06T07:53:10.074+0000] {logging_mixin.py:190} INFO - Task instance in success state
[2025-03-06T07:53:10.084+0000] {logging_mixin.py:190} INFO -  Previous state of the Task instance: running
[2025-03-06T07:53:10.085+0000] {logging_mixin.py:190} INFO - Dag name:example_complex queued_at:2025-03-06 07:52:25.053900+00:00
[2025-03-06T07:53:10.087+0000] {logging_mixin.py:190} INFO - Task hostname:18303226ae83 operator:BashOperator
[2025-03-06T07:53:10.179+0000] {local_task_job_runner.py:266} INFO - Task exited with return code 0
[2025-03-06T07:53:10.327+0000] {taskinstance.py:3895} INFO - 1 downstream tasks scheduled from follow-on schedule check
[2025-03-06T07:53:10.336+0000] {local_task_job_runner.py:245} INFO - ::endgroup::
